SF:lib\app\core\exceptions\exception.dart
DA:7,0
DA:8,0
DA:9,0
DA:11,0
DA:15,0
DA:16,0
LF:6
LH:0
end_of_record
SF:lib\app\injector.dart
DA:3,3
DA:5,0
LF:2
LH:1
end_of_record
SF:lib\app\interactor\actions\app_actions.dart
DA:15,0
DA:16,0
DA:17,0
DA:19,0
DA:21,0
DA:22,0
DA:23,0
DA:26,0
DA:27,0
DA:28,0
DA:29,0
DA:31,0
DA:33,0
DA:34,0
DA:37,0
DA:40,0
DA:41,0
DA:42,0
DA:44,0
DA:45,0
DA:47,0
DA:48,0
DA:50,0
DA:51,0
DA:54,0
DA:57,0
DA:58,0
DA:59,0
DA:60,0
DA:61,0
DA:66,1
DA:67,1
DA:70,1
DA:71,1
DA:73,0
DA:76,2
DA:77,1
DA:78,0
DA:79,0
DA:80,0
DA:84,1
DA:85,2
DA:86,2
DA:87,2
DA:89,1
DA:91,1
DA:94,3
DA:95,1
DA:97,2
DA:98,2
DA:99,2
DA:100,1
DA:101,2
DA:102,2
DA:107,0
DA:108,0
DA:110,0
DA:111,0
DA:114,0
DA:115,0
DA:116,0
DA:117,0
DA:118,0
DA:121,0
DA:122,0
DA:124,0
DA:127,0
DA:128,0
DA:129,0
DA:130,0
DA:133,0
DA:134,0
DA:135,0
LF:73
LH:20
end_of_record
SF:lib\app\interactor\entities\app_entity.dart
DA:14,0
DA:15,0
DA:17,0
DA:20,1
DA:30,1
DA:32,1
DA:33,1
DA:34,1
DA:35,1
LF:9
LH:6
end_of_record
SF:lib\app\interactor\entities\repository_entity.dart
DA:8,1
DA:14,0
DA:15,0
LF:3
LH:1
end_of_record
SF:lib\app\interactor\states\app_state.dart
DA:9,1
DA:11,1
DA:12,1
DA:13,1
DA:15,0
DA:18,3
DA:20,3
DA:22,0
DA:24,0
DA:28,1
DA:32,1
DA:38,1
DA:40,1
DA:44,3
DA:47,1
DA:48,2
DA:52,0
DA:56,0
DA:61,2
DA:62,3
DA:64,2
DA:66,1
DA:67,3
DA:68,1
DA:71,1
DA:72,3
DA:73,1
DA:76,0
DA:77,0
DA:78,0
DA:81,0
DA:82,0
DA:83,0
DA:86,0
DA:87,0
DA:88,0
DA:92,0
LF:37
LH:22
end_of_record
SF:lib\app\core\extensions\result_extension.dart
DA:6,0
DA:7,0
DA:8,0
DA:9,0
DA:10,0
DA:11,0
DA:12,0
DA:13,0
DA:14,0
LF:9
LH:0
end_of_record
SF:lib\app\core\states\state.dart
DA:4,0
DA:5,0
LF:2
LH:0
end_of_record
SF:lib\app\interactor\entities\app_release_entity.dart
DA:8,1
DA:14,1
DA:15,1
DA:17,1
DA:21,0
DA:25,0
DA:28,0
DA:29,0
LF:8
LH:4
end_of_record
SF:lib\app\interactor\entities\package_info_entity.dart
DA:7,1
DA:15,1
DA:16,1
DA:19,1
LF:4
LH:4
end_of_record
